# JRE version: OpenJDK Runtime Environment (8.0_332-b08) (build 1.8.0_332-b08)
# Java VM: OpenJDK 64-Bit Server VM (25.332-b08 mixed mode windows-amd64 compressed oops)
Heap:
 PSYoungGen      total 60416K, used 28066K [0x00000000d6800000, 0x00000000daf00000, 0x0000000100000000)
  eden space 51200K, 36% used [0x00000000d6800000,0x00000000d7a6b7f8,0x00000000d9a00000)
  from space 9216K, 99% used [0x00000000da500000,0x00000000dadfd300,0x00000000dae00000)
  to   space 10752K, 0% used [0x00000000d9a00000,0x00000000d9a00000,0x00000000da480000)
 ParOldGen       total 55808K, used 7263K [0x0000000083800000, 0x0000000086e80000, 0x00000000d6800000)
  object space 55808K, 13% used [0x0000000083800000,0x0000000083f17e10,0x0000000086e80000)
 Metaspace       used 28332K, capacity 29832K, committed 30080K, reserved 1075200K
  class space    used 3808K, capacity 4154K, committed 4224K, reserved 1048576K
GC Heap History (10 events):
Event: 2.425 GC heap before
{Heap before GC invocations=3 (full 0):
 PSYoungGen      total 37888K, used 37868K [0x00000000d6800000, 0x00000000d9200000, 0x0000000100000000)
  eden space 32768K, 100% used [0x00000000d6800000,0x00000000d8800000,0x00000000d8800000)
  from space 5120K, 99% used [0x00000000d8d00000,0x00000000d91fb2b8,0x00000000d9200000)
  to   space 5120K, 0% used [0x00000000d8800000,0x00000000d8800000,0x00000000d8d00000)
 ParOldGen       total 86016K, used 585K [0x0000000083800000, 0x0000000088c00000, 0x00000000d6800000)
  object space 86016K, 0% used [0x0000000083800000,0x00000000838925e8,0x0000000088c00000)
 Metaspace       used 17194K, capacity 18140K, committed 18432K, reserved 1064960K
  class space    used 2287K, capacity 2504K, committed 2560K, reserved 1048576K
Event: 2.431 GC heap after
Heap after GC invocations=3 (full 0):
 PSYoungGen      total 37888K, used 5117K [0x00000000d6800000, 0x00000000d9200000, 0x0000000100000000)
  eden space 32768K, 0% used [0x00000000d6800000,0x00000000d6800000,0x00000000d8800000)
  from space 5120K, 99% used [0x00000000d8800000,0x00000000d8cff730,0x00000000d8d00000)
  to   space 5120K, 0% used [0x00000000d8d00000,0x00000000d8d00000,0x00000000d9200000)
 ParOldGen       total 86016K, used 3232K [0x0000000083800000, 0x0000000088c00000, 0x00000000d6800000)
  object space 86016K, 3% used [0x0000000083800000,0x0000000083b28080,0x0000000088c00000)
 Metaspace       used 17194K, capacity 18140K, committed 18432K, reserved 1064960K
  class space    used 2287K, capacity 2504K, committed 2560K, reserved 1048576K
}
Event: 2.665 GC heap before
{Heap before GC invocations=4 (full 0):
 PSYoungGen      total 37888K, used 25930K [0x00000000d6800000, 0x00000000d9200000, 0x0000000100000000)
  eden space 32768K, 63% used [0x00000000d6800000,0x00000000d7c531c0,0x00000000d8800000)
  from space 5120K, 99% used [0x00000000d8800000,0x00000000d8cff730,0x00000000d8d00000)
  to   space 5120K, 0% used [0x00000000d8d00000,0x00000000d8d00000,0x00000000d9200000)
 ParOldGen       total 86016K, used 3232K [0x0000000083800000, 0x0000000088c00000, 0x00000000d6800000)
  object space 86016K, 3% used [0x0000000083800000,0x0000000083b28080,0x0000000088c00000)
 Metaspace       used 20242K, capacity 21216K, committed 21296K, reserved 1067008K
  class space    used 2644K, capacity 2904K, committed 2944K, reserved 1048576K
Event: 2.675 GC heap after
Heap after GC invocations=4 (full 0):
 PSYoungGen      total 37888K, used 5098K [0x00000000d6800000, 0x00000000db200000, 0x0000000100000000)
  eden space 32768K, 0% used [0x00000000d6800000,0x00000000d6800000,0x00000000d8800000)
  from space 5120K, 99% used [0x00000000d8d00000,0x00000000d91faa60,0x00000000d9200000)
  to   space 5120K, 0% used [0x00000000d8800000,0x00000000d8800000,0x00000000d8d00000)
 ParOldGen       total 86016K, used 5483K [0x0000000083800000, 0x0000000088c00000, 0x00000000d6800000)
  object space 86016K, 6% used [0x0000000083800000,0x0000000083d5ae80,0x0000000088c00000)
 Metaspace       used 20242K, capacity 21216K, committed 21296K, reserved 1067008K
  class space    used 2644K, capacity 2904K, committed 2944K, reserved 1048576K
}
Event: 2.675 GC heap before
{Heap before GC invocations=5 (full 1):
 PSYoungGen      total 37888K, used 5098K [0x00000000d6800000, 0x00000000db200000, 0x0000000100000000)
  eden space 32768K, 0% used [0x00000000d6800000,0x00000000d6800000,0x00000000d8800000)
  from space 5120K, 99% used [0x00000000d8d00000,0x00000000d91faa60,0x00000000d9200000)
  to   space 5120K, 0% used [0x00000000d8800000,0x00000000d8800000,0x00000000d8d00000)
 ParOldGen       total 86016K, used 5483K [0x0000000083800000, 0x0000000088c00000, 0x00000000d6800000)
  object space 86016K, 6% used [0x0000000083800000,0x0000000083d5ae80,0x0000000088c00000)
 Metaspace       used 20242K, capacity 21216K, committed 21296K, reserved 1067008K
  class space    used 2644K, capacity 2904K, committed 2944K, reserved 1048576K
Event: 2.700 GC heap after
Heap after GC invocations=5 (full 1):
 PSYoungGen      total 37888K, used 0K [0x00000000d6800000, 0x00000000db200000, 0x0000000100000000)
  eden space 32768K, 0% used [0x00000000d6800000,0x00000000d6800000,0x00000000d8800000)
  from space 5120K, 0% used [0x00000000d8d00000,0x00000000d8d00000,0x00000000d9200000)
  to   space 5120K, 0% used [0x00000000d8800000,0x00000000d8800000,0x00000000d8d00000)
 ParOldGen       total 55808K, used 7192K [0x0000000083800000, 0x0000000086e80000, 0x00000000d6800000)
  object space 55808K, 12% used [0x0000000083800000,0x0000000083f062f8,0x0000000086e80000)
 Metaspace       used 20229K, capacity 21174K, committed 21296K, reserved 1067008K
  class space    used 2640K, capacity 2897K, committed 2944K, reserved 1048576K
}
Event: 3.271 GC heap before
{Heap before GC invocations=6 (full 1):
 PSYoungGen      total 37888K, used 32768K [0x00000000d6800000, 0x00000000db200000, 0x0000000100000000)
  eden space 32768K, 100% used [0x00000000d6800000,0x00000000d8800000,0x00000000d8800000)
  from space 5120K, 0% used [0x00000000d8d00000,0x00000000d8d00000,0x00000000d9200000)
  to   space 5120K, 0% used [0x00000000d8800000,0x00000000d8800000,0x00000000d8d00000)
 ParOldGen       total 55808K, used 7192K [0x0000000083800000, 0x0000000086e80000, 0x00000000d6800000)
  object space 55808K, 12% used [0x0000000083800000,0x0000000083f062f8,0x0000000086e80000)
 Metaspace       used 24509K, capacity 25848K, committed 25856K, reserved 1071104K
  class space    used 3264K, capacity 3580K, committed 3584K, reserved 1048576K
Event: 3.279 GC heap after
Heap after GC invocations=6 (full 1):
 PSYoungGen      total 37888K, used 5007K [0x00000000d6800000, 0x00000000dae00000, 0x0000000100000000)
  eden space 32768K, 0% used [0x00000000d6800000,0x00000000d6800000,0x00000000d8800000)
  from space 5120K, 97% used [0x00000000d8800000,0x00000000d8ce3f48,0x00000000d8d00000)
  to   space 9216K, 0% used [0x00000000da500000,0x00000000da500000,0x00000000dae00000)
 ParOldGen       total 55808K, used 7200K [0x0000000083800000, 0x0000000086e80000, 0x00000000d6800000)
  object space 55808K, 12% used [0x0000000083800000,0x0000000083f082f8,0x0000000086e80000)
 Metaspace       used 24509K, capacity 25848K, committed 25856K, reserved 1071104K
  class space    used 3264K, capacity 3580K, committed 3584K, reserved 1048576K
}
Event: 6.951 GC heap before
{Heap before GC invocations=7 (full 1):
 PSYoungGen      total 37888K, used 37775K [0x00000000d6800000, 0x00000000dae00000, 0x0000000100000000)
  eden space 32768K, 100% used [0x00000000d6800000,0x00000000d8800000,0x00000000d8800000)
  from space 5120K, 97% used [0x00000000d8800000,0x00000000d8ce3f48,0x00000000d8d00000)
  to   space 9216K, 0% used [0x00000000da500000,0x00000000da500000,0x00000000dae00000)
 ParOldGen       total 55808K, used 7200K [0x0000000083800000, 0x0000000086e80000, 0x00000000d6800000)
  object space 55808K, 12% used [0x0000000083800000,0x0000000083f082f8,0x0000000086e80000)
 Metaspace       used 27420K, capacity 28960K, committed 29184K, reserved 1075200K
  class space    used 3684K, capacity 4040K, committed 4096K, reserved 1048576K
Event: 6.957 GC heap after
Heap after GC invocations=7 (full 1):
 PSYoungGen      total 60416K, used 9204K [0x00000000d6800000, 0x00000000daf00000, 0x0000000100000000)
  eden space 51200K, 0% used [0x00000000d6800000,0x00000000d6800000,0x00000000d9a00000)
  from space 9216K, 99% used [0x00000000da500000,0x00000000dadfd300,0x00000000dae00000)
  to   space 10752K, 0% used [0x00000000d9a00000,0x00000000d9a00000,0x00000000da480000)
 ParOldGen       total 55808K, used 7263K [0x0000000083800000, 0x0000000086e80000, 0x00000000d6800000)
  object space 55808K, 13% used [0x0000000083800000,0x0000000083f17e10,0x0000000086e80000)
 Metaspace       used 27420K, capacity 28960K, committed 29184K, reserved 1075200K
  class space    used 3684K, capacity 4040K, committed 4096K, reserved 1048576K
}

